<?xml version="1.0" encoding="UTF-8"?>
<!-- Generated by org.testng.reporters.JUnitReportReporter -->
<testsuite hostname="DESKTOP-TQF3AML" failures="0" tests="1" name="TestNG_Groups.NewTest" time="0.001" errors="0" timestamp="2021-12-14T10:54:05 PST" skipped="0">
  <testcase classname="TestNG_Groups.NewTest" name="f" time="0.001"/>
  <system-out/>
</testsuite> <!-- TestNG_Groups.NewTest -->
