<?xml version="1.0" encoding="UTF-8"?>
<!-- Generated by org.testng.reporters.JUnitReportReporter -->
<testsuite hostname="DESKTOP-TQF3AML" failures="0" tests="2" name="TestNG_Groups.Personal_Loan" time="0.001" errors="0" timestamp="2021-12-14T12:12:05 PST" skipped="0">
  <testcase classname="TestNG_Groups.Personal_Loan" name="MobileLoginPersonalLoan" time="0.001"/>
  <system-out/>
  <testcase classname="TestNG_Groups.Personal_Loan" name="APILoginPersonalLoan" time="0.000"/>
  <system-out/>
</testsuite> <!-- TestNG_Groups.Personal_Loan -->
