<?xml version="1.0" encoding="UTF-8"?>
<!-- Generated by org.testng.reporters.JUnitReportReporter -->
<testsuite hostname="DESKTOP-TQF3AML" failures="0" tests="1" name="Flipkart.TestNGClass" time="0.010" errors="0" timestamp="2021-12-14T09:50:06 PST" skipped="0">
  <testcase classname="Flipkart.TestNGClass" name="login" time="0.010"/>
  <system-out/>
</testsuite> <!-- Flipkart.TestNGClass -->
