<?xml version="1.0" encoding="UTF-8"?>
<!-- Generated by org.testng.reporters.JUnitReportReporter -->
<testsuite hostname="DESKTOP-TQF3AML" failures="0" tests="2" name="Flipkart.TestNGClass" time="0.008" errors="0" timestamp="2021-12-14T09:56:59 PST" skipped="1">
  <testcase classname="Flipkart.TestNGClass" name="Register" time="0.008"/>
  <system-out/>
  <testcase classname="Flipkart.TestNGClass" name="login">
    <skipped/>
  </testcase> <!-- login -->
  <system-out/>
</testsuite> <!-- Flipkart.TestNGClass -->
