<?xml version="1.0" encoding="UTF-8"?>
<!-- Generated by org.testng.reporters.JUnitReportReporter -->
<testsuite hostname="DESKTOP-TQF3AML" failures="0" tests="1" name="TestNG_Groups.Home_Loan" time="0.009" errors="0" timestamp="2021-12-17T15:07:19 PST" skipped="0">
  <testcase classname="TestNG_Groups.Home_Loan" name="MobileLoginHomeLoan" time="0.009"/>
  <system-out/>
</testsuite> <!-- TestNG_Groups.Home_Loan -->
