<?xml version="1.0" encoding="UTF-8"?>
<!-- Generated by org.testng.reporters.JUnitReportReporter -->
<testsuite hostname="DESKTOP-TQF3AML" failures="0" tests="1" name="TestNG_Groups.MyTestNGClass" time="13.414" errors="0" timestamp="2021-12-15T14:13:36 PST" skipped="0">
  <testcase classname="TestNG_Groups.MyTestNGClass" name="f" time="13.414"/>
  <system-out/>
</testsuite> <!-- TestNG_Groups.MyTestNGClass -->
