<?xml version="1.0" encoding="UTF-8"?>
<!-- Generated by org.testng.reporters.JUnitReportReporter -->
<testsuite hostname="DESKTOP-TQF3AML" failures="0" tests="1" name="TestNG_Groups.Personal_Loan" time="0.001" errors="0" timestamp="2021-12-17T15:07:19 PST" skipped="0">
  <testcase classname="TestNG_Groups.Personal_Loan" name="WebLoginPersonalLoan" time="0.001"/>
  <system-out/>
</testsuite> <!-- TestNG_Groups.Personal_Loan -->
